<?xml version="1.0" encoding="UTF-8"?>
<!-- Generated by org.testng.reporters.JUnitXMLReporter -->
<testsuite ignored="0" hostname="DESKTOP-15REK30" failures="0" tests="2" name="Test-1" time="33.139" errors="0" timestamp="2025-09-08T12:26:56 IST">
  <testcase classname="com.crm.CreateContTng.CreateContactTest" name="CreatecontactLn" time="9.073"/>
  <testcase classname="com.crm.CreateContTng.CreateContactTest" name="createContactwithsuppdate" time="6.566"/>
</testsuite> <!-- Test-1 -->
