<?xml version="1.0" encoding="UTF-8"?>
<!-- Generated by org.testng.reporters.JUnitXMLReporter -->
<testsuite ignored="0" hostname="DESKTOP-15REK30" failures="0" tests="2" name="Test-2" time="34.017" errors="0" timestamp="2025-09-08T12:26:57 IST">
  <testcase classname="com.crm.CreateOrgTng.CreateOrgTest" name="CreateorgwithPhoneNo" time="9.026"/>
  <testcase classname="com.crm.CreateOrgTng.CreateOrgTest" name="createContact" time="6.156"/>
</testsuite> <!-- Test-2 -->
