<?xml version="1.0" encoding="UTF-8"?>
<!-- Generated by org.testng.reporters.JUnitReportReporter -->
<testsuite hostname="DESKTOP-15REK30" failures="0" tests="1" name="Practice.TESTNG.TaskIrctc" time="25.820" errors="0" timestamp="2025-09-18T15:35:15 IST" skipped="0">
  <testcase classname="Practice.TESTNG.TaskIrctc" name="test" time="25.820"/>
</testsuite> <!-- Practice.TESTNG.TaskIrctc -->
