<?xml version="1.0" encoding="UTF-8"?>
<!-- Generated by org.testng.reporters.JUnitReportReporter -->
<testsuite hostname="DESKTOP-15REK30" failures="0" tests="2" name="Practice.TESTNG.Reporterlogs" time="0.038" errors="0" timestamp="2025-09-09T10:23:01 IST" skipped="0">
  <testcase classname="Practice.TESTNG.Reporterlogs" name="verifyLogoHomePagetest" time="0.005">
    <system-out>
      <![CDATA[verifyLogoHomePagetestTest Start
step1
step2
step3
step4
verifyLogoHomePagetest]]>
    </system-out>
  </testcase> <!-- verifyLogoHomePagetest -->
  <testcase classname="Practice.TESTNG.Reporterlogs" name="homepgtest" time="0.033">
    <system-out>
      <![CDATA[homepgtestTest Start
step1
step2
step3
step4]]>
    </system-out>
  </testcase> <!-- homepgtest -->
  <system-out>
    <![CDATA[homepgtestTest Start
step1
step2
step3
step4
verifyLogoHomePagetestTest Start
step1
step2
step3
step4
verifyLogoHomePagetest]]>
  </system-out>
</testsuite> <!-- Practice.TESTNG.Reporterlogs -->
