<?xml version="1.0" encoding="UTF-8"?>
<!-- Generated by org.testng.reporters.JUnitReportReporter -->
<testsuite hostname="DESKTOP-15REK30" failures="0" tests="3" name="Practice.TESTNG.CreateContact1" time="0.018" errors="0" timestamp="2025-09-02T16:05:24 IST" skipped="0">
  <testcase classname="Practice.TESTNG.CreateContact1" name="createcontacttest" time="0.002"/>
  <testcase classname="Practice.TESTNG.CreateContact1" name="createcontacttest" time="0.003"/>
  <testcase classname="Practice.TESTNG.CreateContact1" name="createcontacttest" time="0.013"/>
</testsuite> <!-- Practice.TESTNG.CreateContact1 -->
