<?xml version="1.0" encoding="UTF-8"?>
<!-- Generated by org.testng.reporters.JUnitReportReporter -->
<testsuite hostname="DESKTOP-15REK30" failures="0" tests="2" name="Practice.TESTNG.SampleTest2" time="0.021" errors="0" timestamp="2025-09-02T17:54:23 IST" skipped="0">
  <testcase classname="Practice.TESTNG.SampleTest2" name="modifycontact" time="0.018"/>
  <testcase classname="Practice.TESTNG.SampleTest2" name="deletecontact" time="0.003"/>
</testsuite> <!-- Practice.TESTNG.SampleTest2 -->
