<?xml version="1.0" encoding="UTF-8"?>
<!-- Generated by org.testng.reporters.JUnitReportReporter -->
<testsuite hostname="DESKTOP-15REK30" failures="0" tests="2" name="Practice.TESTNG.AmezonScreenshot" time="24.381" errors="0" timestamp="2025-09-09T10:49:39 IST" skipped="0">
  <testcase classname="Practice.TESTNG.AmezonScreenshot" name="amscreenshot" time="10.487"/>
  <testcase classname="Practice.TESTNG.AmezonScreenshot" name="fkshot" time="13.894"/>
</testsuite> <!-- Practice.TESTNG.AmezonScreenshot -->
