<?xml version="1.0" encoding="UTF-8"?>
<!-- Generated by org.testng.reporters.JUnitReportReporter -->
<testsuite hostname="DESKTOP-15REK30" failures="0" tests="3" name="extentreports.scripts.SampleReportTest" time="11.818" errors="0" timestamp="2025-09-10T11:59:22 IST" skipped="0">
  <testcase classname="extentreports.scripts.SampleReportTest" name="createContactwithDate" time="3.694"/>
  <testcase classname="extentreports.scripts.SampleReportTest" name="createContactwithPN" time="3.608"/>
  <testcase classname="extentreports.scripts.SampleReportTest" name="createContactTest" time="4.516"/>
</testsuite> <!-- extentreports.scripts.SampleReportTest -->
