<?xml version="1.0" encoding="UTF-8"?>
<!-- Generated by org.testng.reporters.JUnitReportReporter -->
<testsuite hostname="DESKTOP-15REK30" failures="0" tests="2" name="aAssert.soft.hard.HomePageVerificationTest" time="22.596" errors="0" timestamp="2025-09-08T16:07:03 IST" skipped="0">
  <testcase classname="aAssert.soft.hard.HomePageVerificationTest" name="verityhomepgtest" time="8.555"/>
  <testcase classname="aAssert.soft.hard.HomePageVerificationTest" name="Homepgtest" time="14.041"/>
</testsuite> <!-- aAssert.soft.hard.HomePageVerificationTest -->
