<?xml version="1.0" encoding="UTF-8"?>
<!-- Generated by org.testng.reporters.JUnitReportReporter -->
<testsuite hostname="DESKTOP-15REK30" failures="0" tests="1" name="extentreports.scripts.Sample1Reporttest1" time="0.527" errors="0" timestamp="2025-09-10T11:52:15 IST" skipped="0">
  <testcase classname="extentreports.scripts.Sample1Reporttest1" name="createContactTest" time="0.527"/>
</testsuite> <!-- extentreports.scripts.Sample1Reporttest1 -->
