<?xml version="1.0" encoding="UTF-8"?>
<!-- Generated by org.testng.reporters.JUnitReportReporter -->
<testsuite hostname="DESKTOP-15REK30" failures="0" tests="3" name="Practice.TESTNG.GetProdinfoTestDP2" time="30.995" errors="0" timestamp="2025-09-03T15:19:38 IST" skipped="0">
  <testcase classname="Practice.TESTNG.GetProdinfoTestDP2" name="getprodinfo" time="9.510"/>
  <testcase classname="Practice.TESTNG.GetProdinfoTestDP2" name="getprodinfo" time="9.674"/>
  <testcase classname="Practice.TESTNG.GetProdinfoTestDP2" name="getprodinfo" time="11.811"/>
</testsuite> <!-- Practice.TESTNG.GetProdinfoTestDP2 -->
