<?xml version="1.0" encoding="UTF-8"?>
<!-- Generated by org.testng.reporters.JUnitReportReporter -->
<testsuite hostname="DESKTOP-15REK30" failures="0" tests="1" name="extentreports.scripts.ERAttachScreenshot" time="7.575" errors="0" timestamp="2025-09-10T12:20:47 IST" skipped="0">
  <testcase classname="extentreports.scripts.ERAttachScreenshot" name="createContactTest" time="7.575"/>
</testsuite> <!-- extentreports.scripts.ERAttachScreenshot -->
