<?xml version="1.0" encoding="UTF-8"?>
<!-- Generated by org.testng.reporters.JUnitReportReporter -->
<testsuite hostname="DESKTOP-15REK30" failures="0" tests="3" name="Practice.TESTNG.CreateContactDataProvider1" time="0.027" errors="0" timestamp="2025-09-18T12:09:05 IST" skipped="0">
  <testcase classname="Practice.TESTNG.CreateContactDataProvider1" name="createcontacttest" time="0.003"/>
  <testcase classname="Practice.TESTNG.CreateContactDataProvider1" name="createcontacttest" time="0.003"/>
  <testcase classname="Practice.TESTNG.CreateContactDataProvider1" name="createcontacttest" time="0.021"/>
</testsuite> <!-- Practice.TESTNG.CreateContactDataProvider1 -->
