<?xml version="1.0" encoding="UTF-8"?>
<!-- Generated by org.testng.reporters.JUnitReportReporter -->
<testsuite hostname="DESKTOP-15REK30" failures="0" tests="2" name="com.crm.CreateContTng.CreateContactTest" time="13.610" errors="0" timestamp="2025-09-27T12:53:58 IST" skipped="0">
  <testcase classname="com.crm.CreateContTng.CreateContactTest" name="CreatecontactLn" time="7.206"/>
  <testcase classname="com.crm.CreateContTng.CreateContactTest" name="createContactwithsuppdate" time="6.404"/>
</testsuite> <!-- com.crm.CreateContTng.CreateContactTest -->
