<?xml version="1.0" encoding="UTF-8"?>
<!-- Generated by org.testng.reporters.JUnitReportReporter -->
<testsuite hostname="DESKTOP-15REK30" failures="0" tests="2" name="Practice.TESTNG.ConfigAnnots" time="0.041" errors="0" timestamp="2025-09-04T10:35:14 IST" skipped="0">
  <testcase classname="Practice.TESTNG.ConfigAnnots" name="cc" time="0.028"/>
  <testcase classname="Practice.TESTNG.ConfigAnnots" name="ccd" time="0.013"/>
</testsuite> <!-- Practice.TESTNG.ConfigAnnots -->
