<?xml version="1.0" encoding="UTF-8"?>
<!-- Generated by org.testng.reporters.JUnitReportReporter -->
<testsuite hostname="DESKTOP-15REK30" failures="0" tests="1" name="com.crm.CreateOrgTng.CreateOrgTest" time="11.833" errors="0" timestamp="2025-09-15T16:32:27 IST" skipped="0">
  <testcase classname="com.crm.CreateOrgTng.CreateOrgTest" name="createContact" time="11.833"/>
</testsuite> <!-- com.crm.CreateOrgTng.CreateOrgTest -->
